2024-11-04 01:53:47 - Received request
POST data: Array
(
    [email] => 
    [confirm] => yes
)

Email: 
Confirm: yes
General Error: Email is required
Response: {"success":0,"message":"Email is required"}

2024-11-04 01:54:23 - Received request
POST data: Array
(
    [email] => 
    [confirm] => yes
)

Email: 
Confirm: yes
General Error: Email is required
Response: {"success":0,"message":"Email is required"}

2024-11-04 02:14:05 - Received request
POST data: Array
(
    [email] => lol@gmail.com
    [confirm] => yes
)

Email: lol@gmail.com
Confirm: yes
Rows affected: 1
Response: {"success":1,"message":"Account deleted successfully"}

2024-11-04 02:19:29 - Received request
POST data: Array
(
    [email] => lol@gmail.com
    [confirm] => yes
)

Email: lol@gmail.com
Confirm: yes
Rows affected: 1
Response: {"success":1,"message":"Account deleted successfully"}

2024-11-04 02:25:45 - Received request
POST data: Array
(
    [email] => lol@gmail.com
    [confirm] => yes
)

Email: lol@gmail.com
Confirm: yes
Rows affected: 1
Response: {"success":1,"message":"Account deleted successfully"}

